2021-12-09 11:15:13,933 [Worker-1] INFO  c.g.t.t.d.PublishedGradleVersions - Gradle version information cache is out-of-date. Trying to update.
2021-12-09 12:18:28,318 [Worker-18] INFO  o.e.m.c.i.l.LifecycleMappingFactory - Using org.eclipse.m2e.jdt.JarLifecycleMapping lifecycle mapping for MavenProject: com.dolibar:Dolibar:0.0.1-SNAPSHOT @ D:\Dolibar_Project_Sel_Java\Dolibar_Project\Dolibar\pom.xml.
2021-12-09 12:18:34,541 [Worker-18] INFO  o.e.m.j.i.AbstractJavaProjectConfigurator - Adding source folder /Dolibar/src/main/java
2021-12-09 12:18:34,544 [Worker-18] INFO  o.e.m.j.i.AbstractJavaProjectConfigurator - Adding resource folder /Dolibar/src/main/resources
2021-12-09 12:18:34,546 [Worker-18] INFO  o.e.m.j.i.AbstractJavaProjectConfigurator - Adding source folder /Dolibar/src/test/java
2021-12-09 12:18:34,547 [Worker-18] INFO  o.e.m.j.i.AbstractJavaProjectConfigurator - Adding resource folder /Dolibar/src/test/resources
2021-12-09 12:18:41,925 [Worker-18] WARN  o.e.m.c.i.embedder.EclipseLogger - Using platform encoding (Cp1252 actually) to copy filtered resources, i.e. build is platform dependent!
2021-12-09 12:18:41,958 [Worker-18] INFO  o.e.m.c.i.embedder.EclipseLogger - Copying 0 resource
2021-12-09 12:18:41,961 [Worker-18] WARN  o.e.m.c.i.embedder.EclipseLogger - Using platform encoding (Cp1252 actually) to copy filtered resources, i.e. build is platform dependent!
2021-12-09 12:18:41,963 [Worker-18] INFO  o.e.m.c.i.embedder.EclipseLogger - Copying 0 resource
2021-12-09 16:45:01,429 [Worker-40] WARN  o.e.m.c.i.embedder.EclipseLogger - Using platform encoding (Cp1252 actually) to copy filtered resources, i.e. build is platform dependent!
2021-12-09 16:45:02,418 [Worker-40] INFO  o.e.m.c.i.embedder.EclipseLogger - Copying 0 resource
2021-12-09 16:45:02,422 [Worker-40] WARN  o.e.m.c.i.embedder.EclipseLogger - Using platform encoding (Cp1252 actually) to copy filtered resources, i.e. build is platform dependent!
2021-12-09 16:45:02,429 [Worker-40] INFO  o.e.m.c.i.embedder.EclipseLogger - Copying 0 resource
2021-12-09 17:10:40,025 [Worker-44] INFO  o.e.m.c.i.l.LifecycleMappingFactory - Using org.eclipse.m2e.jdt.JarLifecycleMapping lifecycle mapping for MavenProject: com.dolibar:Dolibar:0.0.1-SNAPSHOT @ D:\Dolibar_Project_Sel_Java\Dolibar_Project\Dolibar\pom.xml.
2021-12-09 17:10:47,045 [Worker-44] INFO  o.e.m.c.i.e.AbstractTransferListenerAdapter - Downloading https://repo.maven.apache.org/maven2/org/seleniumhq/selenium/selenium-java/3.141.59/selenium-java-3.141.59.pom
2021-12-09 17:10:48,522 [Worker-44] INFO  o.e.m.c.i.e.AbstractTransferListenerAdapter - Downloaded https://repo.maven.apache.org/maven2/org/seleniumhq/selenium/selenium-java/3.141.59/selenium-java-3.141.59.pom
2021-12-09 17:10:48,793 [Worker-44] INFO  o.e.m.c.i.e.AbstractTransferListenerAdapter - Downloading https://repo.maven.apache.org/maven2/org/seleniumhq/selenium/selenium-api/3.141.59/selenium-api-3.141.59.pom
2021-12-09 17:10:49,175 [Worker-44] INFO  o.e.m.c.i.e.AbstractTransferListenerAdapter - Downloaded https://repo.maven.apache.org/maven2/org/seleniumhq/selenium/selenium-api/3.141.59/selenium-api-3.141.59.pom
2021-12-09 17:10:50,067 [Worker-44] INFO  o.e.m.c.i.e.AbstractTransferListenerAdapter - Downloading https://repo.maven.apache.org/maven2/org/seleniumhq/selenium/selenium-chrome-driver/3.141.59/selenium-chrome-driver-3.141.59.pom
2021-12-09 17:10:51,121 [Worker-44] INFO  o.e.m.c.i.e.AbstractTransferListenerAdapter - Downloaded https://repo.maven.apache.org/maven2/org/seleniumhq/selenium/selenium-chrome-driver/3.141.59/selenium-chrome-driver-3.141.59.pom
2021-12-09 17:10:51,534 [Worker-44] INFO  o.e.m.c.i.e.AbstractTransferListenerAdapter - Downloading https://repo.maven.apache.org/maven2/org/seleniumhq/selenium/selenium-remote-driver/3.141.59/selenium-remote-driver-3.141.59.pom
2021-12-09 17:10:51,881 [Worker-44] INFO  o.e.m.c.i.e.AbstractTransferListenerAdapter - Downloaded https://repo.maven.apache.org/maven2/org/seleniumhq/selenium/selenium-remote-driver/3.141.59/selenium-remote-driver-3.141.59.pom
2021-12-09 17:10:52,319 [Worker-44] INFO  o.e.m.c.i.e.AbstractTransferListenerAdapter - Downloading https://repo.maven.apache.org/maven2/net/bytebuddy/byte-buddy/1.8.15/byte-buddy-1.8.15.pom
2021-12-09 17:10:52,726 [Worker-44] INFO  o.e.m.c.i.e.AbstractTransferListenerAdapter - Downloaded https://repo.maven.apache.org/maven2/net/bytebuddy/byte-buddy/1.8.15/byte-buddy-1.8.15.pom
2021-12-09 17:10:52,978 [Worker-44] INFO  o.e.m.c.i.e.AbstractTransferListenerAdapter - Downloading https://repo.maven.apache.org/maven2/net/bytebuddy/byte-buddy-parent/1.8.15/byte-buddy-parent-1.8.15.pom
2021-12-09 17:10:53,794 [Worker-44] INFO  o.e.m.c.i.e.AbstractTransferListenerAdapter - Downloaded https://repo.maven.apache.org/maven2/net/bytebuddy/byte-buddy-parent/1.8.15/byte-buddy-parent-1.8.15.pom
2021-12-09 17:10:55,451 [Worker-44] INFO  o.e.m.c.i.e.AbstractTransferListenerAdapter - Downloading https://repo.maven.apache.org/maven2/com/google/guava/guava/25.0-jre/guava-25.0-jre.pom
2021-12-09 17:10:55,906 [Worker-44] INFO  o.e.m.c.i.e.AbstractTransferListenerAdapter - Downloaded https://repo.maven.apache.org/maven2/com/google/guava/guava/25.0-jre/guava-25.0-jre.pom
2021-12-09 17:10:56,439 [Worker-44] INFO  o.e.m.c.i.e.AbstractTransferListenerAdapter - Downloading https://repo.maven.apache.org/maven2/com/google/guava/guava-parent/25.0-jre/guava-parent-25.0-jre.pom
2021-12-09 17:10:56,840 [Worker-44] INFO  o.e.m.c.i.e.AbstractTransferListenerAdapter - Downloaded https://repo.maven.apache.org/maven2/com/google/guava/guava-parent/25.0-jre/guava-parent-25.0-jre.pom
2021-12-09 17:10:57,342 [Worker-44] INFO  o.e.m.c.i.e.AbstractTransferListenerAdapter - Downloading https://repo.maven.apache.org/maven2/com/google/code/findbugs/jsr305/1.3.9/jsr305-1.3.9.pom
2021-12-09 17:10:57,757 [Worker-44] INFO  o.e.m.c.i.e.AbstractTransferListenerAdapter - Downloaded https://repo.maven.apache.org/maven2/com/google/code/findbugs/jsr305/1.3.9/jsr305-1.3.9.pom
2021-12-09 17:10:58,661 [Worker-44] INFO  o.e.m.c.i.e.AbstractTransferListenerAdapter - Downloading https://repo.maven.apache.org/maven2/org/checkerframework/checker-compat-qual/2.0.0/checker-compat-qual-2.0.0.pom
2021-12-09 17:10:59,307 [Worker-44] INFO  o.e.m.c.i.e.AbstractTransferListenerAdapter - Downloaded https://repo.maven.apache.org/maven2/org/checkerframework/checker-compat-qual/2.0.0/checker-compat-qual-2.0.0.pom
2021-12-09 17:10:59,573 [Worker-44] INFO  o.e.m.c.i.e.AbstractTransferListenerAdapter - Downloading https://repo.maven.apache.org/maven2/com/google/errorprone/error_prone_annotations/2.1.3/error_prone_annotations-2.1.3.pom
2021-12-09 17:10:59,980 [Worker-44] INFO  o.e.m.c.i.e.AbstractTransferListenerAdapter - Downloaded https://repo.maven.apache.org/maven2/com/google/errorprone/error_prone_annotations/2.1.3/error_prone_annotations-2.1.3.pom
2021-12-09 17:11:00,297 [Worker-44] INFO  o.e.m.c.i.e.AbstractTransferListenerAdapter - Downloading https://repo.maven.apache.org/maven2/com/google/errorprone/error_prone_parent/2.1.3/error_prone_parent-2.1.3.pom
2021-12-09 17:11:00,605 [Worker-44] INFO  o.e.m.c.i.e.AbstractTransferListenerAdapter - Downloaded https://repo.maven.apache.org/maven2/com/google/errorprone/error_prone_parent/2.1.3/error_prone_parent-2.1.3.pom
2021-12-09 17:11:01,011 [Worker-44] INFO  o.e.m.c.i.e.AbstractTransferListenerAdapter - Downloading https://repo.maven.apache.org/maven2/com/google/j2objc/j2objc-annotations/1.1/j2objc-annotations-1.1.pom
2021-12-09 17:11:01,641 [Worker-44] INFO  o.e.m.c.i.e.AbstractTransferListenerAdapter - Downloaded https://repo.maven.apache.org/maven2/com/google/j2objc/j2objc-annotations/1.1/j2objc-annotations-1.1.pom
2021-12-09 17:11:02,689 [Worker-44] INFO  o.e.m.c.i.e.AbstractTransferListenerAdapter - Downloading https://repo.maven.apache.org/maven2/org/codehaus/mojo/animal-sniffer-annotations/1.14/animal-sniffer-annotations-1.14.pom
2021-12-09 17:11:03,562 [Worker-44] INFO  o.e.m.c.i.e.AbstractTransferListenerAdapter - Downloaded https://repo.maven.apache.org/maven2/org/codehaus/mojo/animal-sniffer-annotations/1.14/animal-sniffer-annotations-1.14.pom
2021-12-09 17:11:03,825 [Worker-44] INFO  o.e.m.c.i.e.AbstractTransferListenerAdapter - Downloading https://repo.maven.apache.org/maven2/org/codehaus/mojo/animal-sniffer-parent/1.14/animal-sniffer-parent-1.14.pom
2021-12-09 17:11:04,175 [Worker-44] INFO  o.e.m.c.i.e.AbstractTransferListenerAdapter - Downloaded https://repo.maven.apache.org/maven2/org/codehaus/mojo/animal-sniffer-parent/1.14/animal-sniffer-parent-1.14.pom
2021-12-09 17:11:04,445 [Worker-44] INFO  o.e.m.c.i.e.AbstractTransferListenerAdapter - Downloading https://repo.maven.apache.org/maven2/org/codehaus/mojo/mojo-parent/34/mojo-parent-34.pom
2021-12-09 17:11:04,783 [Worker-44] INFO  o.e.m.c.i.e.AbstractTransferListenerAdapter - Downloaded https://repo.maven.apache.org/maven2/org/codehaus/mojo/mojo-parent/34/mojo-parent-34.pom
2021-12-09 17:11:05,008 [Worker-44] INFO  o.e.m.c.i.e.AbstractTransferListenerAdapter - Downloading https://repo.maven.apache.org/maven2/org/codehaus/codehaus-parent/4/codehaus-parent-4.pom
2021-12-09 17:11:05,682 [Worker-44] INFO  o.e.m.c.i.e.AbstractTransferListenerAdapter - Downloaded https://repo.maven.apache.org/maven2/org/codehaus/codehaus-parent/4/codehaus-parent-4.pom
2021-12-09 17:11:05,927 [Worker-44] INFO  o.e.m.c.i.e.AbstractTransferListenerAdapter - Downloading https://repo.maven.apache.org/maven2/com/squareup/okhttp3/okhttp/3.11.0/okhttp-3.11.0.pom
2021-12-09 17:11:06,286 [Worker-44] INFO  o.e.m.c.i.e.AbstractTransferListenerAdapter - Downloaded https://repo.maven.apache.org/maven2/com/squareup/okhttp3/okhttp/3.11.0/okhttp-3.11.0.pom
2021-12-09 17:11:06,878 [Worker-44] INFO  o.e.m.c.i.e.AbstractTransferListenerAdapter - Downloading https://repo.maven.apache.org/maven2/com/squareup/okhttp3/parent/3.11.0/parent-3.11.0.pom
2021-12-09 17:11:07,222 [Worker-44] INFO  o.e.m.c.i.e.AbstractTransferListenerAdapter - Downloaded https://repo.maven.apache.org/maven2/com/squareup/okhttp3/parent/3.11.0/parent-3.11.0.pom
2021-12-09 17:11:07,478 [Worker-44] INFO  o.e.m.c.i.e.AbstractTransferListenerAdapter - Downloading https://repo.maven.apache.org/maven2/com/squareup/okio/okio/1.14.0/okio-1.14.0.pom
2021-12-09 17:11:08,268 [Worker-44] INFO  o.e.m.c.i.e.AbstractTransferListenerAdapter - Downloaded https://repo.maven.apache.org/maven2/com/squareup/okio/okio/1.14.0/okio-1.14.0.pom
2021-12-09 17:11:08,582 [Worker-44] INFO  o.e.m.c.i.e.AbstractTransferListenerAdapter - Downloading https://repo.maven.apache.org/maven2/com/squareup/okio/okio-parent/1.14.0/okio-parent-1.14.0.pom
2021-12-09 17:11:09,369 [Worker-44] INFO  o.e.m.c.i.e.AbstractTransferListenerAdapter - Downloaded https://repo.maven.apache.org/maven2/com/squareup/okio/okio-parent/1.14.0/okio-parent-1.14.0.pom
2021-12-09 17:11:09,631 [Worker-44] INFO  o.e.m.c.i.e.AbstractTransferListenerAdapter - Downloading https://repo.maven.apache.org/maven2/org/seleniumhq/selenium/selenium-edge-driver/3.141.59/selenium-edge-driver-3.141.59.pom
2021-12-09 17:11:09,968 [Worker-44] INFO  o.e.m.c.i.e.AbstractTransferListenerAdapter - Downloaded https://repo.maven.apache.org/maven2/org/seleniumhq/selenium/selenium-edge-driver/3.141.59/selenium-edge-driver-3.141.59.pom
2021-12-09 17:11:10,219 [Worker-44] INFO  o.e.m.c.i.e.AbstractTransferListenerAdapter - Downloading https://repo.maven.apache.org/maven2/org/seleniumhq/selenium/selenium-firefox-driver/3.141.59/selenium-firefox-driver-3.141.59.pom
2021-12-09 17:11:10,485 [Worker-44] INFO  o.e.m.c.i.e.AbstractTransferListenerAdapter - Downloaded https://repo.maven.apache.org/maven2/org/seleniumhq/selenium/selenium-firefox-driver/3.141.59/selenium-firefox-driver-3.141.59.pom
2021-12-09 17:11:10,719 [Worker-44] INFO  o.e.m.c.i.e.AbstractTransferListenerAdapter - Downloading https://repo.maven.apache.org/maven2/org/seleniumhq/selenium/selenium-ie-driver/3.141.59/selenium-ie-driver-3.141.59.pom
2021-12-09 17:11:10,995 [Worker-44] INFO  o.e.m.c.i.e.AbstractTransferListenerAdapter - Downloaded https://repo.maven.apache.org/maven2/org/seleniumhq/selenium/selenium-ie-driver/3.141.59/selenium-ie-driver-3.141.59.pom
2021-12-09 17:11:11,243 [Worker-44] INFO  o.e.m.c.i.e.AbstractTransferListenerAdapter - Downloading https://repo.maven.apache.org/maven2/org/seleniumhq/selenium/selenium-opera-driver/3.141.59/selenium-opera-driver-3.141.59.pom
2021-12-09 17:11:11,506 [Worker-44] INFO  o.e.m.c.i.e.AbstractTransferListenerAdapter - Downloaded https://repo.maven.apache.org/maven2/org/seleniumhq/selenium/selenium-opera-driver/3.141.59/selenium-opera-driver-3.141.59.pom
2021-12-09 17:11:11,772 [Worker-44] INFO  o.e.m.c.i.e.AbstractTransferListenerAdapter - Downloading https://repo.maven.apache.org/maven2/org/seleniumhq/selenium/selenium-safari-driver/3.141.59/selenium-safari-driver-3.141.59.pom
2021-12-09 17:11:12,044 [Worker-44] INFO  o.e.m.c.i.e.AbstractTransferListenerAdapter - Downloaded https://repo.maven.apache.org/maven2/org/seleniumhq/selenium/selenium-safari-driver/3.141.59/selenium-safari-driver-3.141.59.pom
2021-12-09 17:11:12,288 [Worker-44] INFO  o.e.m.c.i.e.AbstractTransferListenerAdapter - Downloading https://repo.maven.apache.org/maven2/org/seleniumhq/selenium/selenium-support/3.141.59/selenium-support-3.141.59.pom
2021-12-09 17:11:12,558 [Worker-44] INFO  o.e.m.c.i.e.AbstractTransferListenerAdapter - Downloaded https://repo.maven.apache.org/maven2/org/seleniumhq/selenium/selenium-support/3.141.59/selenium-support-3.141.59.pom
2021-12-09 17:11:13,150 [Worker-44] INFO  o.e.m.c.i.e.AbstractTransferListenerAdapter - Downloading https://repo.maven.apache.org/maven2/org/testng/testng/6.14.3/testng-6.14.3.pom
2021-12-09 17:11:13,494 [Worker-44] INFO  o.e.m.c.i.e.AbstractTransferListenerAdapter - Downloaded https://repo.maven.apache.org/maven2/org/testng/testng/6.14.3/testng-6.14.3.pom
2021-12-09 17:11:13,748 [Worker-44] INFO  o.e.m.c.i.e.AbstractTransferListenerAdapter - Downloading https://repo.maven.apache.org/maven2/com/beust/jcommander/1.72/jcommander-1.72.pom
2021-12-09 17:11:14,109 [Worker-44] INFO  o.e.m.c.i.e.AbstractTransferListenerAdapter - Downloaded https://repo.maven.apache.org/maven2/com/beust/jcommander/1.72/jcommander-1.72.pom
2021-12-09 17:11:14,354 [Worker-44] INFO  o.e.m.c.i.e.AbstractTransferListenerAdapter - Downloading https://repo.maven.apache.org/maven2/org/apache-extras/beanshell/bsh/2.0b6/bsh-2.0b6.pom
2021-12-09 17:11:14,657 [Worker-44] INFO  o.e.m.c.i.e.AbstractTransferListenerAdapter - Downloaded https://repo.maven.apache.org/maven2/org/apache-extras/beanshell/bsh/2.0b6/bsh-2.0b6.pom
2021-12-09 17:11:14,967 [Worker-44] INFO  o.e.m.c.i.e.AbstractTransferListenerAdapter - Downloading https://repo.maven.apache.org/maven2/org/seleniumhq/selenium/selenium-java/3.141.59/selenium-java-3.141.59.jar
2021-12-09 17:11:15,550 [Worker-44] INFO  o.e.m.c.i.e.AbstractTransferListenerAdapter - Downloaded https://repo.maven.apache.org/maven2/org/seleniumhq/selenium/selenium-java/3.141.59/selenium-java-3.141.59.jar
2021-12-09 17:11:15,773 [Worker-44] INFO  o.e.m.c.i.e.AbstractTransferListenerAdapter - Downloading https://repo.maven.apache.org/maven2/org/seleniumhq/selenium/selenium-api/3.141.59/selenium-api-3.141.59.jar
2021-12-09 17:11:16,807 [Worker-44] INFO  o.e.m.c.i.e.AbstractTransferListenerAdapter - Downloaded https://repo.maven.apache.org/maven2/org/seleniumhq/selenium/selenium-api/3.141.59/selenium-api-3.141.59.jar
2021-12-09 17:11:17,420 [Worker-44] INFO  o.e.m.c.i.e.AbstractTransferListenerAdapter - Downloading https://repo.maven.apache.org/maven2/org/seleniumhq/selenium/selenium-chrome-driver/3.141.59/selenium-chrome-driver-3.141.59.jar
2021-12-09 17:11:18,305 [Worker-44] INFO  o.e.m.c.i.e.AbstractTransferListenerAdapter - Downloaded https://repo.maven.apache.org/maven2/org/seleniumhq/selenium/selenium-chrome-driver/3.141.59/selenium-chrome-driver-3.141.59.jar
2021-12-09 17:11:18,549 [Worker-44] INFO  o.e.m.c.i.e.AbstractTransferListenerAdapter - Downloading https://repo.maven.apache.org/maven2/org/seleniumhq/selenium/selenium-edge-driver/3.141.59/selenium-edge-driver-3.141.59.jar
2021-12-09 17:11:19,153 [Worker-44] INFO  o.e.m.c.i.e.AbstractTransferListenerAdapter - Downloaded https://repo.maven.apache.org/maven2/org/seleniumhq/selenium/selenium-edge-driver/3.141.59/selenium-edge-driver-3.141.59.jar
2021-12-09 17:11:19,391 [Worker-44] INFO  o.e.m.c.i.e.AbstractTransferListenerAdapter - Downloading https://repo.maven.apache.org/maven2/org/seleniumhq/selenium/selenium-firefox-driver/3.141.59/selenium-firefox-driver-3.141.59.jar
2021-12-09 17:11:21,357 [Worker-44] INFO  o.e.m.c.i.e.AbstractTransferListenerAdapter - Downloaded https://repo.maven.apache.org/maven2/org/seleniumhq/selenium/selenium-firefox-driver/3.141.59/selenium-firefox-driver-3.141.59.jar
2021-12-09 17:11:21,756 [Worker-44] INFO  o.e.m.c.i.e.AbstractTransferListenerAdapter - Downloading https://repo.maven.apache.org/maven2/org/seleniumhq/selenium/selenium-ie-driver/3.141.59/selenium-ie-driver-3.141.59.jar
2021-12-09 17:11:22,201 [Worker-44] INFO  o.e.m.c.i.e.AbstractTransferListenerAdapter - Downloaded https://repo.maven.apache.org/maven2/org/seleniumhq/selenium/selenium-ie-driver/3.141.59/selenium-ie-driver-3.141.59.jar
2021-12-09 17:11:22,424 [Worker-44] INFO  o.e.m.c.i.e.AbstractTransferListenerAdapter - Downloading https://repo.maven.apache.org/maven2/org/seleniumhq/selenium/selenium-opera-driver/3.141.59/selenium-opera-driver-3.141.59.jar
2021-12-09 17:11:22,862 [Worker-44] INFO  o.e.m.c.i.e.AbstractTransferListenerAdapter - Downloaded https://repo.maven.apache.org/maven2/org/seleniumhq/selenium/selenium-opera-driver/3.141.59/selenium-opera-driver-3.141.59.jar
2021-12-09 17:11:23,094 [Worker-44] INFO  o.e.m.c.i.e.AbstractTransferListenerAdapter - Downloading https://repo.maven.apache.org/maven2/org/seleniumhq/selenium/selenium-remote-driver/3.141.59/selenium-remote-driver-3.141.59.jar
2021-12-09 17:11:23,783 [Worker-44] INFO  o.e.m.c.i.e.AbstractTransferListenerAdapter - Downloaded https://repo.maven.apache.org/maven2/org/seleniumhq/selenium/selenium-remote-driver/3.141.59/selenium-remote-driver-3.141.59.jar
2021-12-09 17:11:24,003 [Worker-44] INFO  o.e.m.c.i.e.AbstractTransferListenerAdapter - Downloading https://repo.maven.apache.org/maven2/org/seleniumhq/selenium/selenium-safari-driver/3.141.59/selenium-safari-driver-3.141.59.jar
2021-12-09 17:11:24,744 [Worker-44] INFO  o.e.m.c.i.e.AbstractTransferListenerAdapter - Downloaded https://repo.maven.apache.org/maven2/org/seleniumhq/selenium/selenium-safari-driver/3.141.59/selenium-safari-driver-3.141.59.jar
2021-12-09 17:11:24,990 [Worker-44] INFO  o.e.m.c.i.e.AbstractTransferListenerAdapter - Downloading https://repo.maven.apache.org/maven2/org/seleniumhq/selenium/selenium-support/3.141.59/selenium-support-3.141.59.jar
2021-12-09 17:11:25,476 [Worker-44] INFO  o.e.m.c.i.e.AbstractTransferListenerAdapter - Downloaded https://repo.maven.apache.org/maven2/org/seleniumhq/selenium/selenium-support/3.141.59/selenium-support-3.141.59.jar
2021-12-09 17:11:25,719 [Worker-44] INFO  o.e.m.c.i.e.AbstractTransferListenerAdapter - Downloading https://repo.maven.apache.org/maven2/net/bytebuddy/byte-buddy/1.8.15/byte-buddy-1.8.15.jar
2021-12-09 17:11:29,713 [Worker-44] INFO  o.e.m.c.i.e.AbstractTransferListenerAdapter - Downloaded https://repo.maven.apache.org/maven2/net/bytebuddy/byte-buddy/1.8.15/byte-buddy-1.8.15.jar
2021-12-09 17:11:29,949 [Worker-44] INFO  o.e.m.c.i.e.AbstractTransferListenerAdapter - Downloading https://repo.maven.apache.org/maven2/com/google/guava/guava/25.0-jre/guava-25.0-jre.jar
2021-12-09 17:11:33,677 [Worker-44] INFO  o.e.m.c.i.e.AbstractTransferListenerAdapter - Downloaded https://repo.maven.apache.org/maven2/com/google/guava/guava/25.0-jre/guava-25.0-jre.jar
2021-12-09 17:11:33,920 [Worker-44] INFO  o.e.m.c.i.e.AbstractTransferListenerAdapter - Downloading https://repo.maven.apache.org/maven2/com/google/code/findbugs/jsr305/1.3.9/jsr305-1.3.9.jar
2021-12-09 17:11:35,007 [Worker-44] INFO  o.e.m.c.i.e.AbstractTransferListenerAdapter - Downloaded https://repo.maven.apache.org/maven2/com/google/code/findbugs/jsr305/1.3.9/jsr305-1.3.9.jar
2021-12-09 17:11:35,245 [Worker-44] INFO  o.e.m.c.i.e.AbstractTransferListenerAdapter - Downloading https://repo.maven.apache.org/maven2/org/checkerframework/checker-compat-qual/2.0.0/checker-compat-qual-2.0.0.jar
2021-12-09 17:11:35,797 [Worker-44] INFO  o.e.m.c.i.e.AbstractTransferListenerAdapter - Downloaded https://repo.maven.apache.org/maven2/org/checkerframework/checker-compat-qual/2.0.0/checker-compat-qual-2.0.0.jar
2021-12-09 17:11:36,029 [Worker-44] INFO  o.e.m.c.i.e.AbstractTransferListenerAdapter - Downloading https://repo.maven.apache.org/maven2/com/google/errorprone/error_prone_annotations/2.1.3/error_prone_annotations-2.1.3.jar
2021-12-09 17:11:36,345 [Worker-44] INFO  o.e.m.c.i.e.AbstractTransferListenerAdapter - Downloaded https://repo.maven.apache.org/maven2/com/google/errorprone/error_prone_annotations/2.1.3/error_prone_annotations-2.1.3.jar
2021-12-09 17:11:36,551 [Worker-44] INFO  o.e.m.c.i.e.AbstractTransferListenerAdapter - Downloading https://repo.maven.apache.org/maven2/com/google/j2objc/j2objc-annotations/1.1/j2objc-annotations-1.1.jar
2021-12-09 17:11:36,998 [Worker-44] INFO  o.e.m.c.i.e.AbstractTransferListenerAdapter - Downloaded https://repo.maven.apache.org/maven2/com/google/j2objc/j2objc-annotations/1.1/j2objc-annotations-1.1.jar
2021-12-09 17:11:37,206 [Worker-44] INFO  o.e.m.c.i.e.AbstractTransferListenerAdapter - Downloading https://repo.maven.apache.org/maven2/org/codehaus/mojo/animal-sniffer-annotations/1.14/animal-sniffer-annotations-1.14.jar
2021-12-09 17:11:37,625 [Worker-44] INFO  o.e.m.c.i.e.AbstractTransferListenerAdapter - Downloaded https://repo.maven.apache.org/maven2/org/codehaus/mojo/animal-sniffer-annotations/1.14/animal-sniffer-annotations-1.14.jar
2021-12-09 17:11:37,865 [Worker-44] INFO  o.e.m.c.i.e.AbstractTransferListenerAdapter - Downloading https://repo.maven.apache.org/maven2/com/squareup/okhttp3/okhttp/3.11.0/okhttp-3.11.0.jar
2021-12-09 17:11:38,975 [Worker-44] INFO  o.e.m.c.i.e.AbstractTransferListenerAdapter - Downloaded https://repo.maven.apache.org/maven2/com/squareup/okhttp3/okhttp/3.11.0/okhttp-3.11.0.jar
2021-12-09 17:11:39,212 [Worker-44] INFO  o.e.m.c.i.e.AbstractTransferListenerAdapter - Downloading https://repo.maven.apache.org/maven2/com/squareup/okio/okio/1.14.0/okio-1.14.0.jar
2021-12-09 17:11:39,625 [Worker-44] INFO  o.e.m.c.i.e.AbstractTransferListenerAdapter - Downloaded https://repo.maven.apache.org/maven2/com/squareup/okio/okio/1.14.0/okio-1.14.0.jar
2021-12-09 17:11:39,861 [Worker-44] INFO  o.e.m.c.i.e.AbstractTransferListenerAdapter - Downloading https://repo.maven.apache.org/maven2/org/testng/testng/6.14.3/testng-6.14.3.jar
2021-12-09 17:11:40,763 [Worker-44] INFO  o.e.m.c.i.e.AbstractTransferListenerAdapter - Downloaded https://repo.maven.apache.org/maven2/org/testng/testng/6.14.3/testng-6.14.3.jar
2021-12-09 17:11:41,006 [Worker-44] INFO  o.e.m.c.i.e.AbstractTransferListenerAdapter - Downloading https://repo.maven.apache.org/maven2/com/beust/jcommander/1.72/jcommander-1.72.jar
2021-12-09 17:11:41,327 [Worker-44] INFO  o.e.m.c.i.e.AbstractTransferListenerAdapter - Downloaded https://repo.maven.apache.org/maven2/com/beust/jcommander/1.72/jcommander-1.72.jar
2021-12-09 17:11:41,561 [Worker-44] INFO  o.e.m.c.i.e.AbstractTransferListenerAdapter - Downloading https://repo.maven.apache.org/maven2/org/apache-extras/beanshell/bsh/2.0b6/bsh-2.0b6.jar
2021-12-09 17:11:42,080 [Worker-44] INFO  o.e.m.c.i.e.AbstractTransferListenerAdapter - Downloaded https://repo.maven.apache.org/maven2/org/apache-extras/beanshell/bsh/2.0b6/bsh-2.0b6.jar
2021-12-09 17:11:53,695 [Worker-44] WARN  o.e.m.c.i.embedder.EclipseLogger - Using platform encoding (Cp1252 actually) to copy filtered resources, i.e. build is platform dependent!
2021-12-09 17:11:53,740 [Worker-44] INFO  o.e.m.c.i.embedder.EclipseLogger - Copying 0 resource
2021-12-09 17:11:53,743 [Worker-44] WARN  o.e.m.c.i.embedder.EclipseLogger - Using platform encoding (Cp1252 actually) to copy filtered resources, i.e. build is platform dependent!
2021-12-09 17:11:53,755 [Worker-44] INFO  o.e.m.c.i.embedder.EclipseLogger - Copying 0 resource
2021-12-09 17:11:56,811 [Worker-44] WARN  o.e.m.c.i.embedder.EclipseLogger - Using platform encoding (Cp1252 actually) to copy filtered resources, i.e. build is platform dependent!
2021-12-09 17:11:56,860 [Worker-44] INFO  o.e.m.c.i.embedder.EclipseLogger - Copying 0 resource
2021-12-09 17:11:56,863 [Worker-44] WARN  o.e.m.c.i.embedder.EclipseLogger - Using platform encoding (Cp1252 actually) to copy filtered resources, i.e. build is platform dependent!
2021-12-09 17:11:56,934 [Worker-44] INFO  o.e.m.c.i.embedder.EclipseLogger - Copying 0 resource
2021-12-09 17:13:41,583 [Worker-3] INFO  c.g.t.t.d.PublishedGradleVersions - Gradle version information cache is up-to-date. Trying to read.
2021-12-09 17:30:35,537 [Worker-17] WARN  o.e.m.c.i.embedder.EclipseLogger - Using platform encoding (Cp1252 actually) to copy filtered resources, i.e. build is platform dependent!
2021-12-09 17:30:36,437 [Worker-17] INFO  o.e.m.c.i.embedder.EclipseLogger - Copying 0 resource
2021-12-09 17:30:36,448 [Worker-17] WARN  o.e.m.c.i.embedder.EclipseLogger - Using platform encoding (Cp1252 actually) to copy filtered resources, i.e. build is platform dependent!
2021-12-09 17:30:36,757 [Worker-17] INFO  o.e.m.c.i.embedder.EclipseLogger - Copying 0 resource
2021-12-09 17:31:15,302 [Worker-23] WARN  o.e.m.c.i.embedder.EclipseLogger - Using platform encoding (Cp1252 actually) to copy filtered resources, i.e. build is platform dependent!
2021-12-09 17:31:15,318 [Worker-23] INFO  o.e.m.c.i.embedder.EclipseLogger - Copying 0 resource
2021-12-09 17:31:15,322 [Worker-23] WARN  o.e.m.c.i.embedder.EclipseLogger - Using platform encoding (Cp1252 actually) to copy filtered resources, i.e. build is platform dependent!
2021-12-09 17:31:15,576 [Worker-23] INFO  o.e.m.c.i.embedder.EclipseLogger - Copying 0 resource
2021-12-09 17:31:32,263 [Worker-16] WARN  o.e.m.c.i.embedder.EclipseLogger - Using platform encoding (Cp1252 actually) to copy filtered resources, i.e. build is platform dependent!
2021-12-09 17:31:32,265 [Worker-16] INFO  o.e.m.c.i.embedder.EclipseLogger - Copying 0 resource
2021-12-09 17:31:32,268 [Worker-16] WARN  o.e.m.c.i.embedder.EclipseLogger - Using platform encoding (Cp1252 actually) to copy filtered resources, i.e. build is platform dependent!
2021-12-09 17:31:32,372 [Worker-16] INFO  o.e.m.c.i.embedder.EclipseLogger - Copying 0 resource
2021-12-09 17:32:53,030 [Worker-17] WARN  o.e.m.c.i.embedder.EclipseLogger - Using platform encoding (Cp1252 actually) to copy filtered resources, i.e. build is platform dependent!
2021-12-09 17:32:53,032 [Worker-17] INFO  o.e.m.c.i.embedder.EclipseLogger - Copying 0 resource
2021-12-09 17:32:53,035 [Worker-17] WARN  o.e.m.c.i.embedder.EclipseLogger - Using platform encoding (Cp1252 actually) to copy filtered resources, i.e. build is platform dependent!
2021-12-09 17:32:53,037 [Worker-17] INFO  o.e.m.c.i.embedder.EclipseLogger - Copying 0 resource
2021-12-09 17:34:30,187 [Worker-21] WARN  o.e.m.c.i.embedder.EclipseLogger - Using platform encoding (Cp1252 actually) to copy filtered resources, i.e. build is platform dependent!
2021-12-09 17:34:30,199 [Worker-21] INFO  o.e.m.c.i.embedder.EclipseLogger - Copying 0 resource
2021-12-09 17:34:30,202 [Worker-21] WARN  o.e.m.c.i.embedder.EclipseLogger - Using platform encoding (Cp1252 actually) to copy filtered resources, i.e. build is platform dependent!
2021-12-09 17:34:30,374 [Worker-21] INFO  o.e.m.c.i.embedder.EclipseLogger - Copying 0 resource
2021-12-09 17:36:05,972 [Worker-20] WARN  o.e.m.c.i.embedder.EclipseLogger - Using platform encoding (Cp1252 actually) to copy filtered resources, i.e. build is platform dependent!
2021-12-09 17:36:05,974 [Worker-20] INFO  o.e.m.c.i.embedder.EclipseLogger - Copying 0 resource
2021-12-09 17:36:05,977 [Worker-20] WARN  o.e.m.c.i.embedder.EclipseLogger - Using platform encoding (Cp1252 actually) to copy filtered resources, i.e. build is platform dependent!
2021-12-09 17:36:06,537 [Worker-20] INFO  o.e.m.c.i.embedder.EclipseLogger - Copying 0 resource
2021-12-09 17:39:34,576 [Worker-21] WARN  o.e.r.models.ModelRepository - Failed to download org.eclipse.recommenders:index::zip:0.0.0
org.eclipse.aether.resolution.ArtifactResolutionException: Could not find artifact org.eclipse.recommenders:index:zip:0.0.0-SNAPSHOT in models (http://download.eclipse.org/recommenders/models/oxygen/)
	at org.eclipse.aether.internal.impl.DefaultArtifactResolver.resolve(DefaultArtifactResolver.java:453) ~[na:na]
	at org.eclipse.aether.internal.impl.DefaultArtifactResolver.resolveArtifacts(DefaultArtifactResolver.java:255) ~[na:na]
	at org.eclipse.aether.internal.impl.DefaultArtifactResolver.resolveArtifact(DefaultArtifactResolver.java:232) ~[na:na]
	at org.eclipse.aether.internal.impl.DefaultRepositorySystem.resolveArtifact(DefaultRepositorySystem.java:303) ~[na:na]
	at org.eclipse.recommenders.models.ModelRepository.resolveInternal(ModelRepository.java:193) [org.eclipse.recommenders.models_2.5.2.v20180401-1226.jar:na]
	at org.eclipse.recommenders.models.ModelRepository.resolve(ModelRepository.java:172) [org.eclipse.recommenders.models_2.5.2.v20180401-1226.jar:na]
	at org.eclipse.recommenders.internal.models.rcp.EclipseModelRepository.resolve(EclipseModelRepository.java:168) [org.eclipse.recommenders.models.rcp_2.5.2.v20180401-1226.jar:na]
	at org.eclipse.recommenders.internal.models.rcp.DownloadModelArchiveJob.run(DownloadModelArchiveJob.java:76) [org.eclipse.recommenders.models.rcp_2.5.2.v20180401-1226.jar:na]
	at org.eclipse.core.internal.jobs.Worker.run(Worker.java:56) [org.eclipse.core.jobs_3.9.3.v20180115-1757.jar:na]
Caused by: org.eclipse.aether.transfer.ArtifactNotFoundException: Could not find artifact org.eclipse.recommenders:index:zip:0.0.0-SNAPSHOT in models (http://download.eclipse.org/recommenders/models/oxygen/)
	at org.eclipse.aether.connector.basic.ArtifactTransportListener.transferFailed(ArtifactTransportListener.java:48) ~[org.apache.maven.resolver.connector.basic_1.0.3.v20170405-0725.jar:1.0.3]
	at org.eclipse.aether.connector.basic.BasicRepositoryConnector$TaskRunner.run(BasicRepositoryConnector.java:364) ~[org.apache.maven.resolver.connector.basic_1.0.3.v20170405-0725.jar:1.0.3]
	at org.eclipse.aether.util.concurrency.RunnableErrorForwarder$1.run(RunnableErrorForwarder.java:76) ~[na:na]
	at org.eclipse.aether.connector.basic.BasicRepositoryConnector$DirectExecutor.execute(BasicRepositoryConnector.java:590) ~[org.apache.maven.resolver.connector.basic_1.0.3.v20170405-0725.jar:1.0.3]
	at org.eclipse.aether.connector.basic.BasicRepositoryConnector.get(BasicRepositoryConnector.java:258) ~[org.apache.maven.resolver.connector.basic_1.0.3.v20170405-0725.jar:1.0.3]
	at org.eclipse.aether.internal.impl.DefaultArtifactResolver.performDownloads(DefaultArtifactResolver.java:529) ~[na:na]
	at org.eclipse.aether.internal.impl.DefaultArtifactResolver.resolve(DefaultArtifactResolver.java:430) ~[na:na]
	... 8 common frames omitted
2021-12-09 18:03:33,297 [Worker-31] WARN  o.e.m.c.i.embedder.EclipseLogger - Using platform encoding (Cp1252 actually) to copy filtered resources, i.e. build is platform dependent!
2021-12-09 18:03:33,425 [Worker-31] INFO  o.e.m.c.i.embedder.EclipseLogger - Copying 0 resource
2021-12-09 18:03:33,427 [Worker-31] WARN  o.e.m.c.i.embedder.EclipseLogger - Using platform encoding (Cp1252 actually) to copy filtered resources, i.e. build is platform dependent!
2021-12-09 18:03:33,443 [Worker-31] INFO  o.e.m.c.i.embedder.EclipseLogger - Copying 0 resource
2021-12-09 20:54:33,165 [Worker-2] INFO  c.g.t.t.d.PublishedGradleVersions - Gradle version information cache is up-to-date. Trying to read.
2021-12-09 20:56:21,827 [Worker-0] WARN  o.e.r.models.ModelRepository - Failed to download org.eclipse.recommenders:index::zip:0.0.0
org.eclipse.aether.resolution.ArtifactResolutionException: Could not find artifact org.eclipse.recommenders:index:zip:0.0.0-SNAPSHOT in models (http://download.eclipse.org/recommenders/models/oxygen/)
	at org.eclipse.aether.internal.impl.DefaultArtifactResolver.resolve(DefaultArtifactResolver.java:453) ~[na:na]
	at org.eclipse.aether.internal.impl.DefaultArtifactResolver.resolveArtifacts(DefaultArtifactResolver.java:255) ~[na:na]
	at org.eclipse.aether.internal.impl.DefaultArtifactResolver.resolveArtifact(DefaultArtifactResolver.java:232) ~[na:na]
	at org.eclipse.aether.internal.impl.DefaultRepositorySystem.resolveArtifact(DefaultRepositorySystem.java:303) ~[na:na]
	at org.eclipse.recommenders.models.ModelRepository.resolveInternal(ModelRepository.java:193) [org.eclipse.recommenders.models_2.5.2.v20180401-1226.jar:na]
	at org.eclipse.recommenders.models.ModelRepository.resolve(ModelRepository.java:172) [org.eclipse.recommenders.models_2.5.2.v20180401-1226.jar:na]
	at org.eclipse.recommenders.internal.models.rcp.EclipseModelRepository.resolve(EclipseModelRepository.java:168) [org.eclipse.recommenders.models.rcp_2.5.2.v20180401-1226.jar:na]
	at org.eclipse.recommenders.internal.models.rcp.DownloadModelArchiveJob.run(DownloadModelArchiveJob.java:76) [org.eclipse.recommenders.models.rcp_2.5.2.v20180401-1226.jar:na]
	at org.eclipse.core.internal.jobs.Worker.run(Worker.java:56) [org.eclipse.core.jobs_3.9.3.v20180115-1757.jar:na]
Caused by: org.eclipse.aether.transfer.ArtifactNotFoundException: Could not find artifact org.eclipse.recommenders:index:zip:0.0.0-SNAPSHOT in models (http://download.eclipse.org/recommenders/models/oxygen/)
	at org.eclipse.aether.connector.basic.ArtifactTransportListener.transferFailed(ArtifactTransportListener.java:48) ~[org.apache.maven.resolver.connector.basic_1.0.3.v20170405-0725.jar:1.0.3]
	at org.eclipse.aether.connector.basic.BasicRepositoryConnector$TaskRunner.run(BasicRepositoryConnector.java:364) ~[org.apache.maven.resolver.connector.basic_1.0.3.v20170405-0725.jar:1.0.3]
	at org.eclipse.aether.util.concurrency.RunnableErrorForwarder$1.run(RunnableErrorForwarder.java:76) ~[na:na]
	at org.eclipse.aether.connector.basic.BasicRepositoryConnector$DirectExecutor.execute(BasicRepositoryConnector.java:590) ~[org.apache.maven.resolver.connector.basic_1.0.3.v20170405-0725.jar:1.0.3]
	at org.eclipse.aether.connector.basic.BasicRepositoryConnector.get(BasicRepositoryConnector.java:258) ~[org.apache.maven.resolver.connector.basic_1.0.3.v20170405-0725.jar:1.0.3]
	at org.eclipse.aether.internal.impl.DefaultArtifactResolver.performDownloads(DefaultArtifactResolver.java:529) ~[na:na]
	at org.eclipse.aether.internal.impl.DefaultArtifactResolver.resolve(DefaultArtifactResolver.java:430) ~[na:na]
	... 8 common frames omitted
2021-12-09 21:01:26,792 [Worker-4] WARN  o.e.m.c.i.embedder.EclipseLogger - Using platform encoding (Cp1252 actually) to copy filtered resources, i.e. build is platform dependent!
2021-12-09 21:01:26,805 [Worker-4] INFO  o.e.m.c.i.embedder.EclipseLogger - Copying 0 resource
2021-12-09 21:01:26,811 [Worker-4] WARN  o.e.m.c.i.embedder.EclipseLogger - Using platform encoding (Cp1252 actually) to copy filtered resources, i.e. build is platform dependent!
2021-12-09 21:01:26,854 [Worker-4] INFO  o.e.m.c.i.embedder.EclipseLogger - Copying 0 resource
2021-12-09 21:06:38,613 [Worker-14] WARN  o.e.m.c.i.embedder.EclipseLogger - Using platform encoding (Cp1252 actually) to copy filtered resources, i.e. build is platform dependent!
2021-12-09 21:06:38,640 [Worker-14] INFO  o.e.m.c.i.embedder.EclipseLogger - Copying 0 resource
2021-12-09 21:06:38,649 [Worker-14] WARN  o.e.m.c.i.embedder.EclipseLogger - Using platform encoding (Cp1252 actually) to copy filtered resources, i.e. build is platform dependent!
2021-12-09 21:06:38,651 [Worker-14] INFO  o.e.m.c.i.embedder.EclipseLogger - Copying 0 resource
2021-12-09 21:07:05,680 [Worker-15] WARN  o.e.m.c.i.embedder.EclipseLogger - Using platform encoding (Cp1252 actually) to copy filtered resources, i.e. build is platform dependent!
2021-12-09 21:07:05,682 [Worker-15] INFO  o.e.m.c.i.embedder.EclipseLogger - Copying 0 resource
2021-12-09 21:07:05,685 [Worker-15] WARN  o.e.m.c.i.embedder.EclipseLogger - Using platform encoding (Cp1252 actually) to copy filtered resources, i.e. build is platform dependent!
2021-12-09 21:07:05,686 [Worker-15] INFO  o.e.m.c.i.embedder.EclipseLogger - Copying 0 resource
2021-12-09 21:07:36,099 [Worker-4] WARN  o.e.m.c.i.embedder.EclipseLogger - Using platform encoding (Cp1252 actually) to copy filtered resources, i.e. build is platform dependent!
2021-12-09 21:07:36,102 [Worker-4] INFO  o.e.m.c.i.embedder.EclipseLogger - Copying 1 resource
2021-12-09 21:07:36,122 [Worker-4] WARN  o.e.m.c.i.embedder.EclipseLogger - Using platform encoding (Cp1252 actually) to copy filtered resources, i.e. build is platform dependent!
2021-12-09 21:07:36,123 [Worker-4] INFO  o.e.m.c.i.embedder.EclipseLogger - Copying 0 resource
2021-12-09 21:07:53,477 [Worker-13] WARN  o.e.m.c.i.embedder.EclipseLogger - Using platform encoding (Cp1252 actually) to copy filtered resources, i.e. build is platform dependent!
2021-12-09 21:07:53,484 [Worker-13] INFO  o.e.m.c.i.embedder.EclipseLogger - Copying 0 resource
2021-12-09 21:07:53,487 [Worker-13] WARN  o.e.m.c.i.embedder.EclipseLogger - Using platform encoding (Cp1252 actually) to copy filtered resources, i.e. build is platform dependent!
2021-12-09 21:07:53,488 [Worker-13] INFO  o.e.m.c.i.embedder.EclipseLogger - Copying 0 resource
2021-12-09 21:08:14,899 [Worker-4] WARN  o.e.m.c.i.embedder.EclipseLogger - Using platform encoding (Cp1252 actually) to copy filtered resources, i.e. build is platform dependent!
2021-12-09 21:08:14,903 [Worker-4] INFO  o.e.m.c.i.embedder.EclipseLogger - Copying 1 resource
2021-12-09 21:08:14,924 [Worker-4] WARN  o.e.m.c.i.embedder.EclipseLogger - Using platform encoding (Cp1252 actually) to copy filtered resources, i.e. build is platform dependent!
2021-12-09 21:08:14,926 [Worker-4] INFO  o.e.m.c.i.embedder.EclipseLogger - Copying 0 resource
2021-12-09 21:14:30,048 [Worker-4] WARN  o.e.m.c.i.embedder.EclipseLogger - Using platform encoding (Cp1252 actually) to copy filtered resources, i.e. build is platform dependent!
2021-12-09 21:14:30,049 [Worker-4] INFO  o.e.m.c.i.embedder.EclipseLogger - Copying 0 resource
2021-12-09 21:14:30,051 [Worker-4] WARN  o.e.m.c.i.embedder.EclipseLogger - Using platform encoding (Cp1252 actually) to copy filtered resources, i.e. build is platform dependent!
2021-12-09 21:14:30,114 [Worker-4] INFO  o.e.m.c.i.embedder.EclipseLogger - Copying 0 resource
2021-12-09 21:14:55,514 [Worker-16] WARN  o.e.m.c.i.embedder.EclipseLogger - Using platform encoding (Cp1252 actually) to copy filtered resources, i.e. build is platform dependent!
2021-12-09 21:14:55,516 [Worker-16] INFO  o.e.m.c.i.embedder.EclipseLogger - Copying 0 resource
2021-12-09 21:14:55,522 [Worker-16] WARN  o.e.m.c.i.embedder.EclipseLogger - Using platform encoding (Cp1252 actually) to copy filtered resources, i.e. build is platform dependent!
2021-12-09 21:14:55,523 [Worker-16] INFO  o.e.m.c.i.embedder.EclipseLogger - Copying 0 resource
2021-12-09 21:16:30,987 [Worker-4] WARN  o.e.m.c.i.embedder.EclipseLogger - Using platform encoding (Cp1252 actually) to copy filtered resources, i.e. build is platform dependent!
2021-12-09 21:16:30,989 [Worker-4] INFO  o.e.m.c.i.embedder.EclipseLogger - Copying 0 resource
2021-12-09 21:16:30,994 [Worker-4] WARN  o.e.m.c.i.embedder.EclipseLogger - Using platform encoding (Cp1252 actually) to copy filtered resources, i.e. build is platform dependent!
2021-12-09 21:16:30,996 [Worker-4] INFO  o.e.m.c.i.embedder.EclipseLogger - Copying 0 resource
2021-12-09 21:17:44,621 [Worker-18] WARN  o.e.m.c.i.embedder.EclipseLogger - Using platform encoding (Cp1252 actually) to copy filtered resources, i.e. build is platform dependent!
2021-12-09 21:17:44,623 [Worker-18] INFO  o.e.m.c.i.embedder.EclipseLogger - Copying 1 resource
2021-12-09 21:17:44,631 [Worker-18] WARN  o.e.m.c.i.embedder.EclipseLogger - Using platform encoding (Cp1252 actually) to copy filtered resources, i.e. build is platform dependent!
2021-12-09 21:17:44,633 [Worker-18] INFO  o.e.m.c.i.embedder.EclipseLogger - Copying 0 resource
2021-12-09 21:17:52,241 [Worker-17] WARN  o.e.m.c.i.embedder.EclipseLogger - Using platform encoding (Cp1252 actually) to copy filtered resources, i.e. build is platform dependent!
2021-12-09 21:17:52,242 [Worker-17] INFO  o.e.m.c.i.embedder.EclipseLogger - Copying 1 resource
2021-12-09 21:17:52,248 [Worker-17] WARN  o.e.m.c.i.embedder.EclipseLogger - Using platform encoding (Cp1252 actually) to copy filtered resources, i.e. build is platform dependent!
2021-12-09 21:17:52,249 [Worker-17] INFO  o.e.m.c.i.embedder.EclipseLogger - Copying 0 resource
2021-12-09 21:18:21,252 [Worker-17] WARN  o.e.m.c.i.embedder.EclipseLogger - Using platform encoding (Cp1252 actually) to copy filtered resources, i.e. build is platform dependent!
2021-12-09 21:18:21,255 [Worker-17] INFO  o.e.m.c.i.embedder.EclipseLogger - Copying 2 resources
2021-12-09 21:18:21,258 [Worker-17] WARN  o.e.m.c.i.embedder.EclipseLogger - Using platform encoding (Cp1252 actually) to copy filtered resources, i.e. build is platform dependent!
2021-12-09 21:18:21,260 [Worker-17] INFO  o.e.m.c.i.embedder.EclipseLogger - Copying 0 resource
2021-12-09 21:26:09,020 [Worker-17] WARN  o.e.m.c.i.embedder.EclipseLogger - Using platform encoding (Cp1252 actually) to copy filtered resources, i.e. build is platform dependent!
2021-12-09 21:26:09,028 [Worker-17] INFO  o.e.m.c.i.embedder.EclipseLogger - Copying 2 resources
2021-12-09 21:26:09,028 [Worker-17] WARN  o.e.m.c.i.embedder.EclipseLogger - Using platform encoding (Cp1252 actually) to copy filtered resources, i.e. build is platform dependent!
2021-12-09 21:26:09,036 [Worker-17] INFO  o.e.m.c.i.embedder.EclipseLogger - Copying 0 resource
2021-12-09 21:26:22,410 [Worker-17] WARN  o.e.m.c.i.embedder.EclipseLogger - Using platform encoding (Cp1252 actually) to copy filtered resources, i.e. build is platform dependent!
2021-12-09 21:26:22,410 [Worker-17] INFO  o.e.m.c.i.embedder.EclipseLogger - Copying 1 resource
2021-12-09 21:26:22,418 [Worker-17] WARN  o.e.m.c.i.embedder.EclipseLogger - Using platform encoding (Cp1252 actually) to copy filtered resources, i.e. build is platform dependent!
2021-12-09 21:26:22,418 [Worker-17] INFO  o.e.m.c.i.embedder.EclipseLogger - Copying 0 resource
2021-12-09 21:42:26,215 [Worker-24] WARN  o.e.m.c.i.embedder.EclipseLogger - Using platform encoding (Cp1252 actually) to copy filtered resources, i.e. build is platform dependent!
2021-12-09 21:42:26,218 [Worker-24] INFO  o.e.m.c.i.embedder.EclipseLogger - Copying 0 resource
2021-12-09 21:42:26,222 [Worker-24] WARN  o.e.m.c.i.embedder.EclipseLogger - Using platform encoding (Cp1252 actually) to copy filtered resources, i.e. build is platform dependent!
2021-12-09 21:42:26,274 [Worker-24] INFO  o.e.m.c.i.embedder.EclipseLogger - Copying 0 resource
2021-12-09 21:43:24,318 [Worker-27] WARN  o.e.m.c.i.embedder.EclipseLogger - Using platform encoding (Cp1252 actually) to copy filtered resources, i.e. build is platform dependent!
2021-12-09 21:43:24,326 [Worker-27] INFO  o.e.m.c.i.embedder.EclipseLogger - Copying 0 resource
2021-12-09 21:43:24,326 [Worker-27] WARN  o.e.m.c.i.embedder.EclipseLogger - Using platform encoding (Cp1252 actually) to copy filtered resources, i.e. build is platform dependent!
2021-12-09 21:43:24,334 [Worker-27] INFO  o.e.m.c.i.embedder.EclipseLogger - Copying 0 resource
2021-12-09 22:10:21,852 [Worker-1] INFO  c.g.t.t.d.PublishedGradleVersions - Gradle version information cache is up-to-date. Trying to read.
2021-12-09 22:31:51,249 [Worker-9] WARN  o.e.m.c.i.embedder.EclipseLogger - Using platform encoding (Cp1252 actually) to copy filtered resources, i.e. build is platform dependent!
2021-12-09 22:31:51,310 [Worker-9] INFO  o.e.m.c.i.embedder.EclipseLogger - Copying 0 resource
2021-12-09 22:31:51,310 [Worker-9] WARN  o.e.m.c.i.embedder.EclipseLogger - Using platform encoding (Cp1252 actually) to copy filtered resources, i.e. build is platform dependent!
2021-12-09 22:31:51,358 [Worker-9] INFO  o.e.m.c.i.embedder.EclipseLogger - Copying 0 resource
2021-12-09 22:31:56,676 [Worker-5] WARN  o.e.m.c.i.embedder.EclipseLogger - Using platform encoding (Cp1252 actually) to copy filtered resources, i.e. build is platform dependent!
2021-12-09 22:31:56,691 [Worker-5] INFO  o.e.m.c.i.embedder.EclipseLogger - Copying 0 resource
2021-12-09 22:31:56,691 [Worker-5] WARN  o.e.m.c.i.embedder.EclipseLogger - Using platform encoding (Cp1252 actually) to copy filtered resources, i.e. build is platform dependent!
2021-12-09 22:31:56,691 [Worker-5] INFO  o.e.m.c.i.embedder.EclipseLogger - Copying 0 resource
2021-12-09 22:52:12,765 [Worker-9] ERROR o.e.m.c.i.p.r.ProjectRegistryManager - Could not read pom.xml
org.eclipse.core.runtime.CoreException: Could not read pom.xml
	at org.eclipse.m2e.core.internal.embedder.MavenImpl.readModel(MavenImpl.java:565) ~[org.eclipse.m2e.core_1.8.3.20180227-2137.jar:na]
	at org.eclipse.m2e.core.internal.embedder.MavenImpl.readModel(MavenImpl.java:574) ~[org.eclipse.m2e.core_1.8.3.20180227-2137.jar:na]
	at org.eclipse.m2e.core.internal.project.registry.ProjectRegistryManager.refreshPhase2(ProjectRegistryManager.java:542) [org.eclipse.m2e.core_1.8.3.20180227-2137.jar:na]
	at org.eclipse.m2e.core.internal.project.registry.ProjectRegistryManager.refresh(ProjectRegistryManager.java:498) [org.eclipse.m2e.core_1.8.3.20180227-2137.jar:na]
	at org.eclipse.m2e.core.internal.project.registry.ProjectRegistryManager.refresh(ProjectRegistryManager.java:351) [org.eclipse.m2e.core_1.8.3.20180227-2137.jar:na]
	at org.eclipse.m2e.core.internal.project.registry.ProjectRegistryManager.refresh(ProjectRegistryManager.java:298) [org.eclipse.m2e.core_1.8.3.20180227-2137.jar:na]
	at org.eclipse.m2e.core.internal.builder.MavenBuilder$BuildMethod.getProjectFacade(MavenBuilder.java:154) [org.eclipse.m2e.core_1.8.3.20180227-2137.jar:na]
	at org.eclipse.m2e.core.internal.builder.MavenBuilder$BuildMethod$1.call(MavenBuilder.java:89) [org.eclipse.m2e.core_1.8.3.20180227-2137.jar:na]
	at org.eclipse.m2e.core.internal.embedder.MavenExecutionContext.executeBare(MavenExecutionContext.java:177) [org.eclipse.m2e.core_1.8.3.20180227-2137.jar:na]
	at org.eclipse.m2e.core.internal.embedder.MavenExecutionContext.execute(MavenExecutionContext.java:151) [org.eclipse.m2e.core_1.8.3.20180227-2137.jar:na]
	at org.eclipse.m2e.core.internal.embedder.MavenExecutionContext.execute(MavenExecutionContext.java:99) [org.eclipse.m2e.core_1.8.3.20180227-2137.jar:na]
	at org.eclipse.m2e.core.internal.builder.MavenBuilder$BuildMethod.execute(MavenBuilder.java:86) [org.eclipse.m2e.core_1.8.3.20180227-2137.jar:na]
	at org.eclipse.m2e.core.internal.builder.MavenBuilder.build(MavenBuilder.java:200) [org.eclipse.m2e.core_1.8.3.20180227-2137.jar:na]
	at org.eclipse.core.internal.events.BuildManager$2.run(BuildManager.java:735) [org.eclipse.core.resources_3.12.0.v20170417-1558.jar:na]
	at org.eclipse.core.runtime.SafeRunner.run(SafeRunner.java:42) [org.eclipse.equinox.common_3.9.0.v20170207-1454.jar:na]
	at org.eclipse.core.internal.events.BuildManager.basicBuild(BuildManager.java:206) [org.eclipse.core.resources_3.12.0.v20170417-1558.jar:na]
	at org.eclipse.core.internal.events.BuildManager.basicBuild(BuildManager.java:246) [org.eclipse.core.resources_3.12.0.v20170417-1558.jar:na]
	at org.eclipse.core.internal.events.BuildManager$1.run(BuildManager.java:301) [org.eclipse.core.resources_3.12.0.v20170417-1558.jar:na]
	at org.eclipse.core.runtime.SafeRunner.run(SafeRunner.java:42) [org.eclipse.equinox.common_3.9.0.v20170207-1454.jar:na]
	at org.eclipse.core.internal.events.BuildManager.basicBuild(BuildManager.java:304) [org.eclipse.core.resources_3.12.0.v20170417-1558.jar:na]
	at org.eclipse.core.internal.events.BuildManager.basicBuildLoop(BuildManager.java:360) [org.eclipse.core.resources_3.12.0.v20170417-1558.jar:na]
	at org.eclipse.core.internal.events.BuildManager.build(BuildManager.java:383) [org.eclipse.core.resources_3.12.0.v20170417-1558.jar:na]
	at org.eclipse.core.internal.events.AutoBuildJob.doBuild(AutoBuildJob.java:142) [org.eclipse.core.resources_3.12.0.v20170417-1558.jar:na]
	at org.eclipse.core.internal.events.AutoBuildJob.run(AutoBuildJob.java:232) [org.eclipse.core.resources_3.12.0.v20170417-1558.jar:na]
	at org.eclipse.core.internal.jobs.Worker.run(Worker.java:56) [org.eclipse.core.jobs_3.9.3.v20180115-1757.jar:na]
Caused by: org.apache.maven.model.io.ModelParseException: parser must be on START_TAG or TEXT to read text (position: START_TAG seen ...</artifactId>\r\n  \t\t<version><configuration>... @21:29) 
	at org.apache.maven.model.io.DefaultModelReader.read(DefaultModelReader.java:122) ~[maven-model-builder-3.3.9.jar:3.3.9]
	at org.apache.maven.model.io.DefaultModelReader.read(DefaultModelReader.java:86) ~[maven-model-builder-3.3.9.jar:3.3.9]
	at org.eclipse.m2e.core.internal.embedder.MavenImpl.readModel(MavenImpl.java:563) ~[org.eclipse.m2e.core_1.8.3.20180227-2137.jar:na]
	... 24 common frames omitted
Caused by: org.codehaus.plexus.util.xml.pull.XmlPullParserException: parser must be on START_TAG or TEXT to read text (position: START_TAG seen ...</artifactId>\r\n  \t\t<version><configuration>... @21:29) 
	at org.codehaus.plexus.util.xml.pull.MXParser.nextText(MXParser.java:1109) ~[plexus-utils-3.0.22.jar:na]
	at org.apache.maven.model.io.xpp3.MavenXpp3Reader.parseDependency(MavenXpp3Reader.java:1362) ~[maven-model-3.3.9.jar:3.3.9]
	at org.apache.maven.model.io.xpp3.MavenXpp3Reader.parseModel(MavenXpp3Reader.java:2235) ~[maven-model-3.3.9.jar:3.3.9]
	at org.apache.maven.model.io.xpp3.MavenXpp3Reader.read(MavenXpp3Reader.java:3845) ~[maven-model-3.3.9.jar:3.3.9]
	at org.apache.maven.model.io.xpp3.MavenXpp3Reader.read(MavenXpp3Reader.java:595) ~[maven-model-3.3.9.jar:3.3.9]
	at org.apache.maven.model.io.DefaultModelReader.read(DefaultModelReader.java:117) ~[maven-model-builder-3.3.9.jar:3.3.9]
	... 26 common frames omitted
2021-12-09 22:53:29,977 [Worker-3] INFO  c.g.t.t.d.PublishedGradleVersions - Gradle version information cache is up-to-date. Trying to read.
2021-12-09 22:53:30,508 [Worker-4] ERROR o.e.m.c.i.p.r.ProjectRegistryManager - Failed to read Maven project: 1 problem was encountered while building the effective model
[FATAL] Non-parseable POM D:\Dolibar_Project_Sel_Java\Dolibar_Project\Dolibar\pom.xml: parser must be on START_TAG or TEXT to read text (position: START_TAG seen ...</artifactId>\r\n  \t\t<version><configuration>... @21:29)  @ line 21, column 29
 for project  at D:\Dolibar_Project_Sel_Java\Dolibar_Project\Dolibar\pom.xml
org.apache.maven.project.ProjectBuildingException: 1 problem was encountered while building the effective model
[FATAL] Non-parseable POM D:\Dolibar_Project_Sel_Java\Dolibar_Project\Dolibar\pom.xml: parser must be on START_TAG or TEXT to read text (position: START_TAG seen ...</artifactId>\r\n  \t\t<version><configuration>... @21:29)  @ line 21, column 29
 for project  at D:\Dolibar_Project_Sel_Java\Dolibar_Project\Dolibar\pom.xml
	at org.apache.maven.project.DefaultProjectBuilder.build(DefaultProjectBuilder.java:168) ~[maven-core-3.3.9.jar:3.3.9]
	at org.apache.maven.project.DefaultProjectBuilder.build(DefaultProjectBuilder.java:119) ~[maven-core-3.3.9.jar:3.3.9]
	at org.eclipse.m2e.core.internal.embedder.MavenImpl.readMavenProject(MavenImpl.java:636) ~[org.eclipse.m2e.core_1.8.3.20180227-2137.jar:na]
	at org.eclipse.m2e.core.internal.project.registry.ProjectRegistryManager$5.call(ProjectRegistryManager.java:816) ~[org.eclipse.m2e.core_1.8.3.20180227-2137.jar:na]
	at org.eclipse.m2e.core.internal.project.registry.ProjectRegistryManager$5.call(ProjectRegistryManager.java:1) ~[org.eclipse.m2e.core_1.8.3.20180227-2137.jar:na]
	at org.eclipse.m2e.core.internal.embedder.MavenExecutionContext.executeBare(MavenExecutionContext.java:177) ~[org.eclipse.m2e.core_1.8.3.20180227-2137.jar:na]
	at org.eclipse.m2e.core.internal.embedder.MavenExecutionContext.execute(MavenExecutionContext.java:151) ~[org.eclipse.m2e.core_1.8.3.20180227-2137.jar:na]
	at org.eclipse.m2e.core.internal.embedder.MavenExecutionContext.execute(MavenExecutionContext.java:99) ~[org.eclipse.m2e.core_1.8.3.20180227-2137.jar:na]
	at org.eclipse.m2e.core.internal.project.registry.ProjectRegistryManager.execute(ProjectRegistryManager.java:967) ~[org.eclipse.m2e.core_1.8.3.20180227-2137.jar:na]
	at org.eclipse.m2e.core.internal.project.registry.ProjectRegistryManager.readProjectWithDependencies(ProjectRegistryManager.java:811) ~[org.eclipse.m2e.core_1.8.3.20180227-2137.jar:na]
	at org.eclipse.m2e.core.internal.project.registry.ProjectRegistryManager.create(ProjectRegistryManager.java:192) ~[org.eclipse.m2e.core_1.8.3.20180227-2137.jar:na]
	at org.eclipse.m2e.core.internal.project.registry.MavenProjectManager.create(MavenProjectManager.java:80) [org.eclipse.m2e.core_1.8.3.20180227-2137.jar:na]
	at org.eclipse.m2e.core.ui.internal.actions.SelectionUtil.getMavenProject(SelectionUtil.java:259) [org.eclipse.m2e.core.ui_1.8.3.20180227-2137.jar:na]
	at org.eclipse.m2e.editor.pom.MavenPomEditor.readMavenProject(MavenPomEditor.java:742) [org.eclipse.m2e.editor_1.8.3.20180227-2137.jar:na]
	at org.eclipse.m2e.editor.pom.MavenPomEditor$5.run(MavenPomEditor.java:1077) [org.eclipse.m2e.editor_1.8.3.20180227-2137.jar:na]
	at org.eclipse.core.internal.jobs.Worker.run(Worker.java:56) [org.eclipse.core.jobs_3.9.3.v20180115-1757.jar:na]
Caused by: org.apache.maven.model.building.ModelBuildingException: 1 problem was encountered while building the effective model
[FATAL] Non-parseable POM D:\Dolibar_Project_Sel_Java\Dolibar_Project\Dolibar\pom.xml: parser must be on START_TAG or TEXT to read text (position: START_TAG seen ...</artifactId>\r\n  \t\t<version><configuration>... @21:29)  @ line 21, column 29

	at org.apache.maven.model.building.DefaultModelProblemCollector.newModelBuildingException(DefaultModelProblemCollector.java:197) ~[maven-model-builder-3.3.9.jar:3.3.9]
	at org.apache.maven.model.building.DefaultModelBuilder.readModel(DefaultModelBuilder.java:579) ~[maven-model-builder-3.3.9.jar:3.3.9]
	at org.apache.maven.model.building.DefaultModelBuilder.build(DefaultModelBuilder.java:273) ~[maven-model-builder-3.3.9.jar:3.3.9]
	at org.apache.maven.project.DefaultProjectBuilder.build(DefaultProjectBuilder.java:161) ~[maven-core-3.3.9.jar:3.3.9]
	... 15 common frames omitted
2021-12-09 22:53:30,959 [Worker-6] ERROR o.e.m.c.i.p.r.ProjectRegistryManager - Could not read pom.xml
org.eclipse.core.runtime.CoreException: Could not read pom.xml
	at org.eclipse.m2e.core.internal.embedder.MavenImpl.readModel(MavenImpl.java:565) [org.eclipse.m2e.core_1.8.3.20180227-2137.jar:na]
	at org.eclipse.m2e.core.internal.embedder.MavenImpl.readModel(MavenImpl.java:574) [org.eclipse.m2e.core_1.8.3.20180227-2137.jar:na]
	at org.eclipse.m2e.core.internal.project.registry.ProjectRegistryManager.refreshPhase2(ProjectRegistryManager.java:542) [org.eclipse.m2e.core_1.8.3.20180227-2137.jar:na]
	at org.eclipse.m2e.core.internal.project.registry.ProjectRegistryManager.refresh(ProjectRegistryManager.java:498) [org.eclipse.m2e.core_1.8.3.20180227-2137.jar:na]
	at org.eclipse.m2e.core.internal.project.registry.ProjectRegistryManager.refresh(ProjectRegistryManager.java:351) [org.eclipse.m2e.core_1.8.3.20180227-2137.jar:na]
	at org.eclipse.m2e.core.internal.project.registry.ProjectRegistryRefreshJob$1$1.call(ProjectRegistryRefreshJob.java:89) [org.eclipse.m2e.core_1.8.3.20180227-2137.jar:na]
	at org.eclipse.m2e.core.internal.project.registry.ProjectRegistryRefreshJob$1$1.call(ProjectRegistryRefreshJob.java:1) [org.eclipse.m2e.core_1.8.3.20180227-2137.jar:na]
	at org.eclipse.m2e.core.internal.embedder.MavenExecutionContext.executeBare(MavenExecutionContext.java:177) [org.eclipse.m2e.core_1.8.3.20180227-2137.jar:na]
	at org.eclipse.m2e.core.internal.embedder.MavenExecutionContext.execute(MavenExecutionContext.java:151) [org.eclipse.m2e.core_1.8.3.20180227-2137.jar:na]
	at org.eclipse.m2e.core.internal.embedder.MavenExecutionContext.execute(MavenExecutionContext.java:99) [org.eclipse.m2e.core_1.8.3.20180227-2137.jar:na]
	at org.eclipse.m2e.core.internal.embedder.MavenImpl.execute(MavenImpl.java:1351) [org.eclipse.m2e.core_1.8.3.20180227-2137.jar:na]
	at org.eclipse.m2e.core.internal.project.registry.ProjectRegistryRefreshJob$1.call(ProjectRegistryRefreshJob.java:87) [org.eclipse.m2e.core_1.8.3.20180227-2137.jar:na]
	at org.eclipse.m2e.core.internal.project.registry.ProjectRegistryRefreshJob$1.call(ProjectRegistryRefreshJob.java:1) [org.eclipse.m2e.core_1.8.3.20180227-2137.jar:na]
	at org.eclipse.m2e.core.internal.embedder.MavenExecutionContext.executeBare(MavenExecutionContext.java:177) [org.eclipse.m2e.core_1.8.3.20180227-2137.jar:na]
	at org.eclipse.m2e.core.internal.embedder.MavenExecutionContext.execute(MavenExecutionContext.java:151) [org.eclipse.m2e.core_1.8.3.20180227-2137.jar:na]
	at org.eclipse.m2e.core.internal.embedder.MavenExecutionContext.execute(MavenExecutionContext.java:99) [org.eclipse.m2e.core_1.8.3.20180227-2137.jar:na]
	at org.eclipse.m2e.core.internal.embedder.MavenImpl.execute(MavenImpl.java:1355) [org.eclipse.m2e.core_1.8.3.20180227-2137.jar:na]
	at org.eclipse.m2e.core.internal.project.registry.ProjectRegistryRefreshJob.run(ProjectRegistryRefreshJob.java:81) [org.eclipse.m2e.core_1.8.3.20180227-2137.jar:na]
	at org.eclipse.core.internal.jobs.Worker.run(Worker.java:56) [org.eclipse.core.jobs_3.9.3.v20180115-1757.jar:na]
Caused by: org.apache.maven.model.io.ModelParseException: parser must be on START_TAG or TEXT to read text (position: START_TAG seen ...</artifactId>\r\n  \t\t<version><configuration>... @21:29) 
	at org.apache.maven.model.io.DefaultModelReader.read(DefaultModelReader.java:122) ~[maven-model-builder-3.3.9.jar:3.3.9]
	at org.apache.maven.model.io.DefaultModelReader.read(DefaultModelReader.java:86) ~[maven-model-builder-3.3.9.jar:3.3.9]
	at org.eclipse.m2e.core.internal.embedder.MavenImpl.readModel(MavenImpl.java:563) [org.eclipse.m2e.core_1.8.3.20180227-2137.jar:na]
	... 18 common frames omitted
Caused by: org.codehaus.plexus.util.xml.pull.XmlPullParserException: parser must be on START_TAG or TEXT to read text (position: START_TAG seen ...</artifactId>\r\n  \t\t<version><configuration>... @21:29) 
	at org.codehaus.plexus.util.xml.pull.MXParser.nextText(MXParser.java:1109) ~[plexus-utils-3.0.22.jar:na]
	at org.apache.maven.model.io.xpp3.MavenXpp3Reader.parseDependency(MavenXpp3Reader.java:1362) ~[maven-model-3.3.9.jar:3.3.9]
	at org.apache.maven.model.io.xpp3.MavenXpp3Reader.parseModel(MavenXpp3Reader.java:2235) ~[maven-model-3.3.9.jar:3.3.9]
	at org.apache.maven.model.io.xpp3.MavenXpp3Reader.read(MavenXpp3Reader.java:3845) ~[maven-model-3.3.9.jar:3.3.9]
	at org.apache.maven.model.io.xpp3.MavenXpp3Reader.read(MavenXpp3Reader.java:595) ~[maven-model-3.3.9.jar:3.3.9]
	at org.apache.maven.model.io.DefaultModelReader.read(DefaultModelReader.java:117) ~[maven-model-builder-3.3.9.jar:3.3.9]
	... 20 common frames omitted
2021-12-09 23:15:19,606 [Worker-16] INFO  o.e.m.c.i.e.AbstractTransferListenerAdapter - Downloading https://repo.maven.apache.org/maven2/org/apache/maven/plugins/maven-surefire-plugin/3.0.0-M5/maven-surefire-plugin-3.0.0-M5.jar
2021-12-09 23:15:27,513 [Worker-16] INFO  o.e.m.c.i.e.AbstractTransferListenerAdapter - Downloaded https://repo.maven.apache.org/maven2/org/apache/maven/plugins/maven-surefire-plugin/3.0.0-M5/maven-surefire-plugin-3.0.0-M5.jar
2021-12-09 23:15:39,275 [Worker-16] INFO  o.e.m.c.i.l.LifecycleMappingFactory - Using org.eclipse.m2e.jdt.JarLifecycleMapping lifecycle mapping for MavenProject: com.dolibar:Dolibar:0.0.1-SNAPSHOT @ D:\Dolibar_Project_Sel_Java\Dolibar_Project\Dolibar\pom.xml.
2021-12-09 23:15:41,374 [Worker-16] INFO  o.e.m.c.i.e.AbstractTransferListenerAdapter - Downloading https://repo.maven.apache.org/maven2/org/apache/maven/plugins/maven-surefire-plugin/3.0.0-M5/maven-surefire-plugin-3.0.0-M5.pom
2021-12-09 23:15:44,475 [Worker-16] INFO  o.e.m.c.i.e.AbstractTransferListenerAdapter - Downloaded https://repo.maven.apache.org/maven2/org/apache/maven/plugins/maven-surefire-plugin/3.0.0-M5/maven-surefire-plugin-3.0.0-M5.pom
2021-12-09 23:15:45,604 [Worker-16] INFO  o.e.m.c.i.e.AbstractTransferListenerAdapter - Downloading https://repo.maven.apache.org/maven2/org/apache/maven/surefire/surefire/3.0.0-M5/surefire-3.0.0-M5.pom
2021-12-09 23:15:47,840 [Worker-16] INFO  o.e.m.c.i.e.AbstractTransferListenerAdapter - Downloaded https://repo.maven.apache.org/maven2/org/apache/maven/surefire/surefire/3.0.0-M5/surefire-3.0.0-M5.pom
2021-12-09 23:15:55,656 [Worker-16] WARN  o.e.m.c.i.embedder.EclipseLogger - Using platform encoding (Cp1252 actually) to copy filtered resources, i.e. build is platform dependent!
2021-12-09 23:15:55,803 [Worker-16] INFO  o.e.m.c.i.embedder.EclipseLogger - Copying 0 resource
2021-12-09 23:15:55,807 [Worker-16] WARN  o.e.m.c.i.embedder.EclipseLogger - Using platform encoding (Cp1252 actually) to copy filtered resources, i.e. build is platform dependent!
2021-12-09 23:15:55,808 [Worker-16] INFO  o.e.m.c.i.embedder.EclipseLogger - Copying 0 resource
2021-12-09 23:15:58,321 [Worker-15] WARN  o.e.m.c.i.embedder.EclipseLogger - Using platform encoding (Cp1252 actually) to copy filtered resources, i.e. build is platform dependent!
2021-12-09 23:15:58,345 [Worker-15] INFO  o.e.m.c.i.embedder.EclipseLogger - Copying 0 resource
2021-12-09 23:15:58,349 [Worker-15] WARN  o.e.m.c.i.embedder.EclipseLogger - Using platform encoding (Cp1252 actually) to copy filtered resources, i.e. build is platform dependent!
2021-12-09 23:15:58,355 [Worker-15] INFO  o.e.m.c.i.embedder.EclipseLogger - Copying 0 resource
2021-12-09 23:23:33,734 [Worker-22] WARN  o.e.m.c.i.embedder.EclipseLogger - Using platform encoding (Cp1252 actually) to copy filtered resources, i.e. build is platform dependent!
2021-12-09 23:23:33,756 [Worker-22] INFO  o.e.m.c.i.embedder.EclipseLogger - Copying 0 resource
2021-12-09 23:23:33,772 [Worker-22] WARN  o.e.m.c.i.embedder.EclipseLogger - Using platform encoding (Cp1252 actually) to copy filtered resources, i.e. build is platform dependent!
2021-12-09 23:23:33,819 [Worker-22] INFO  o.e.m.c.i.embedder.EclipseLogger - Copying 0 resource
2021-12-09 23:26:05,619 [Worker-22] INFO  o.e.m.c.i.l.LifecycleMappingFactory - Using org.eclipse.m2e.jdt.JarLifecycleMapping lifecycle mapping for MavenProject: com.dolibar:Dolibar:0.0.1-SNAPSHOT @ D:\Dolibar_Project_Sel_Java\Dolibar_Project\Dolibar\pom.xml.
2021-12-09 23:26:06,978 [Worker-22] WARN  o.e.m.c.i.embedder.EclipseLogger - Using platform encoding (Cp1252 actually) to copy filtered resources, i.e. build is platform dependent!
2021-12-09 23:26:06,981 [Worker-22] INFO  o.e.m.c.i.embedder.EclipseLogger - Copying 0 resource
2021-12-09 23:26:06,984 [Worker-22] WARN  o.e.m.c.i.embedder.EclipseLogger - Using platform encoding (Cp1252 actually) to copy filtered resources, i.e. build is platform dependent!
2021-12-09 23:26:07,035 [Worker-22] INFO  o.e.m.c.i.embedder.EclipseLogger - Copying 0 resource
2021-12-09 23:30:02,412 [Worker-0] INFO  c.g.t.t.d.PublishedGradleVersions - Gradle version information cache is up-to-date. Trying to read.
2021-12-09 23:31:36,628 [Worker-6] WARN  o.e.m.c.i.embedder.EclipseLogger - Using platform encoding (Cp1252 actually) to copy filtered resources, i.e. build is platform dependent!
2021-12-09 23:31:36,644 [Worker-6] INFO  o.e.m.c.i.embedder.EclipseLogger - Copying 0 resource
2021-12-09 23:31:36,644 [Worker-6] WARN  o.e.m.c.i.embedder.EclipseLogger - Using platform encoding (Cp1252 actually) to copy filtered resources, i.e. build is platform dependent!
2021-12-09 23:31:36,690 [Worker-6] INFO  o.e.m.c.i.embedder.EclipseLogger - Copying 0 resource
2021-12-09 23:34:22,673 [Worker-6] WARN  o.e.m.c.i.embedder.EclipseLogger - Using platform encoding (Cp1252 actually) to copy filtered resources, i.e. build is platform dependent!
2021-12-09 23:34:22,676 [Worker-6] INFO  o.e.m.c.i.embedder.EclipseLogger - Copying 0 resource
2021-12-09 23:34:22,678 [Worker-6] WARN  o.e.m.c.i.embedder.EclipseLogger - Using platform encoding (Cp1252 actually) to copy filtered resources, i.e. build is platform dependent!
2021-12-09 23:34:22,828 [Worker-6] INFO  o.e.m.c.i.embedder.EclipseLogger - Copying 0 resource
2021-12-09 23:39:01,211 [Worker-13] WARN  o.e.m.c.i.embedder.EclipseLogger - Using platform encoding (Cp1252 actually) to copy filtered resources, i.e. build is platform dependent!
2021-12-09 23:39:01,211 [Worker-13] INFO  o.e.m.c.i.embedder.EclipseLogger - Copying 0 resource
2021-12-09 23:39:01,211 [Worker-13] WARN  o.e.m.c.i.embedder.EclipseLogger - Using platform encoding (Cp1252 actually) to copy filtered resources, i.e. build is platform dependent!
2021-12-09 23:39:01,268 [Worker-13] INFO  o.e.m.c.i.embedder.EclipseLogger - Copying 0 resource
2021-12-09 23:42:41,160 [Worker-13] WARN  o.e.m.c.i.embedder.EclipseLogger - Using platform encoding (Cp1252 actually) to copy filtered resources, i.e. build is platform dependent!
2021-12-09 23:42:41,161 [Worker-13] INFO  o.e.m.c.i.embedder.EclipseLogger - Copying 0 resource
2021-12-09 23:42:41,166 [Worker-13] WARN  o.e.m.c.i.embedder.EclipseLogger - Using platform encoding (Cp1252 actually) to copy filtered resources, i.e. build is platform dependent!
2021-12-09 23:42:41,230 [Worker-13] INFO  o.e.m.c.i.embedder.EclipseLogger - Copying 0 resource
